1563424562875	mozrunner::runner	INFO	Running command: "D:\\Program Files\\Mozilla Firefox\\firefox.exe" "-marionette" "-foreground" "-no-remote" "-profile" "C:\\Users\\julyw\\AppData\\Local\\Temp\\rust_mozprofile.OI7R2FNH9yhx"
1563424563886	addons.webextension.screenshots@mozilla.org	WARN	Loading extension 'screenshots@mozilla.org': Reading manifest: Invalid extension permission: mozillaAddons
1563424563887	addons.webextension.screenshots@mozilla.org	WARN	Loading extension 'screenshots@mozilla.org': Reading manifest: Invalid extension permission: telemetry
1563424563887	addons.webextension.screenshots@mozilla.org	WARN	Loading extension 'screenshots@mozilla.org': Reading manifest: Invalid extension permission: resource://pdf.js/
1563424564295	addons.webextension.screenshots@mozilla.org	WARN	Loading extension 'screenshots@mozilla.org': Reading manifest: Invalid extension permission: about:reader*
1563424567069	Marionette	INFO	Listening on port 50901
1563424567209	Marionette	WARN	TLS certificate errors will be ignored for this session
WebGL(000001694493C800)::ForceLoseContext
WebGL(0000016945130800)::ForceLoseContext
[Parent 12956, Gecko_IOThread] WARNING: pipe error: 109: file z:/task_1562361253/build/src/ipc/chromium/src/chrome/common/ipc_channel_win.cc, line 341
WebGL(000001694DD2C800)::ForceLoseContext
1563424582360	Marionette	INFO	Stopped listening on port 50901
[Parent 12956, Gecko_IOThread] WARNING: pipe error: 109: file z:/task_1562361253/build/src/ipc/chromium/src/chrome/common/ipc_channel_win.cc, line 341
[Child 3456, Chrome_ChildThread] WARNING: pipe error: 109: file z:/task_1562361253/build/src/ipc/chromium/src/chrome/common/ipc_channel_win.cc, line 341
[Child 3456, Chrome_ChildThread] WARNING: pipe error: 109: file z:/task_1562361253/build/src/ipc/chromium/src/chrome/common/ipc_channel_win.cc, line 341

###!!! [Child][MessageChannel] Error: (msgtype=0x530005,name=PHttpChannel::Msg_Cancel) Closed channel: cannot send/recv

[Parent 12956, Gecko_IOThread] WARNING: pipe error: 109: file z:/task_1562361253/build/src/ipc/chromium/src/chrome/common/ipc_channel_win.cc, line 341
[Child 15368, Chrome_ChildThread] WARNING: pipe error: 109: file z:/task_1562361253/build/src/ipc/chromium/src/chrome/common/ipc_channel_win.cc, line 341
[Child 15
###!!! [Child][RunMessage] Error: Channel closing: too late to send/recv, messages will be lost

[GPU 1896, C
###!!! [Child][MessageChannel::SendAndWait] Error: Channel error: cannot send/recv

1563424587632	mozrunner::runner	INFO	Running command: "D:\\Program Files\\Mozilla Firefox\\firefox.exe" "-marionette" "-foreground" "-no-remote" "-profile" "C:\\Users\\julyw\\AppData\\Local\\Temp\\rust_mozprofile.NGkbAjriOSSE"
1563424588274	addons.webextension.screenshots@mozilla.org	WARN	Loading extension 'screenshots@mozilla.org': Reading manifest: Invalid extension permission: mozillaAddons
1563424588274	addons.webextension.screenshots@mozilla.org	WARN	Loading extension 'screenshots@mozilla.org': Reading manifest: Invalid extension permission: telemetry
1563424588274	addons.webextension.screenshots@mozilla.org	WARN	Loading extension 'screenshots@mozilla.org': Reading manifest: Invalid extension permission: resource://pdf.js/
1563424588275	addons.webextension.screenshots@mozilla.org	WARN	Loading extension 'screenshots@mozilla.org': Reading manifest: Invalid extension permission: about:reader*
1563424591034	Marionette	INFO	Listening on port 51013
1563424591461	Marionette	WARN	TLS certificate errors will be ignored for this session
WebGL(00000210F392B800)::ForceLoseContext
WebGL(00000210DC463000)::ForceLoseContext
WebGL(00000210E2416800)::ForceLoseContext
console.error: BroadcastService: 
  receivedBroadcastMessage: handler for
  remote-settings/monitor_changes
  threw error:
  Message: Error: Polling for changes failed: http://%(server)s/dummy/blocklist//buckets/monitor/collections/changes/records?_expected=%221563408074637%22 is not a valid URL..
  Stack:
    remoteSettingsFunction/remoteSettings.pollChanges@resource://services-settings/remote-settings.js:201:13

WebGL(00000210E231E800)::ForceLoseContext
WebGL(00000210E2309000)::ForceLoseContext
WebGL(00000210E244C000)::ForceLoseContext
[Parent 16696, Gecko_IOThread] WARNING: pipe error: 109: file z:/task_1562361253/build/src/ipc/chromium/src/chrome/common/ipc_channel_win.cc, line 341
[Child 14024, Chrome_ChildThread] WARNING: pipe error: 109: file z:/task_1562361253/build/src/ipc/chromium/src/chrome/common/ipc_channel_win.cc, line 341

###!!! [Child][MessageChannel] Error: (msgtype=0x530005,name=PHttpChannel::Msg_Cancel) Closed channel: cannot send/recv

[Child 6444, Chrome_ChildThread] WARNING: pipe error: 109: file z:/task_1562361253/build/src/ipc/chromium/src/chrome/common/ipc_channel_win.cc, line 341
[Parent 16696, Gecko_IOThread] WARNING: pipe error: 109: file z:/task_1562361253/build/src/ipc/chromium/src/chrome/common/ipc_channel_win.cc, line 341
1563425118861	Marionette	INFO	Stopped listening on port 51013

###!!! [Child][MessageChannel::SendAndWait] Error: Channel error: cannot send/recv

